<?xml version="1.0" encoding="UTF-8"?>
<!-- Generated by org.testng.reporters.JUnitXMLReporter -->
<testsuite ignored="0" hostname="LP-HYD-85009887" failures="0" tests="1" name="ChromeBrowser" time="0.569" errors="0" timestamp="2026-07-03T13:11:37 IST">
  <testcase classname="com.Base.BaseClass" name="@BeforeClass BrowserTest" time="0.004">
    <failure type="java.lang.NullPointerException" message="Cannot invoke &amp;quot;com.Utilities.ConfigDataProvider.getBrowser()&amp;quot; because &amp;quot;this.config&amp;quot; is null">
      <![CDATA[java.lang.NullPointerException: Cannot invoke "com.Utilities.ConfigDataProvider.getBrowser()" because "this.config" is null
at com.Base.BaseClass.BrowserTest(BaseClass.java:34)
at java.base/java.util.ArrayList.forEach(ArrayList.java:1596)
at java.base/java.util.concurrent.FutureTask.run(FutureTask.java:317)
at java.base/java.util.concurrent.ThreadPoolExecutor.runWorker(ThreadPoolExecutor.java:1144)
at java.base/java.util.concurrent.ThreadPoolExecutor$Worker.run(ThreadPoolExecutor.java:642)
at java.base/java.lang.Thread.run(Thread.java:1583)
... Removed 13 stack frames]]>
    </failure>
  </testcase> <!-- @BeforeClass BrowserTest -->
  <testcase classname="com.Base.BaseClass" name="@AfterMethod screenshotFailure" time="0.0">
    <skipped/>
  </testcase> <!-- @AfterMethod screenshotFailure -->
  <testcase classname="com.Base.BaseClass" name="@AfterClass tearDown" time="0.0">
    <skipped/>
  </testcase> <!-- @AfterClass tearDown -->
  <testcase classname="com.Tests.SauceDemoTest" name="loginTest" time="0.001">
    <skipped/>
  </testcase> <!-- loginTest -->
</testsuite> <!-- ChromeBrowser -->
