<?xml version="1.0" encoding="UTF-8"?>
<testng-results ignored="0" total="1" passed="1" failed="0" skipped="0">
  <reporter-output>
  </reporter-output>
  <suite started-at="2026-07-03T11:19:59 IST" name="Default suite" finished-at="2026-07-03T11:20:12 IST" duration-ms="13325">
    <groups>
    </groups>
    <test started-at="2026-07-03T11:19:59 IST" name="Default test" finished-at="2026-07-03T11:20:12 IST" duration-ms="13325">
      <class name="com.Tests.SauceDemoTest">
        <test-method is-config="true" signature="setUp()[pri:0, instance:com.Tests.SauceDemoTest@63dd899]" started-at="2026-07-03T11:19:57 IST" name="setUp" finished-at="2026-07-03T11:19:59 IST" duration-ms="1730" status="PASS">
          <reporter-output>
          </reporter-output>
        </test-method> <!-- setUp -->
        <test-method is-config="true" signature="BrowserTest()[pri:0, instance:com.Tests.SauceDemoTest@63dd899]" started-at="2026-07-03T11:19:59 IST" name="BrowserTest" finished-at="2026-07-03T11:20:06 IST" duration-ms="7287" status="PASS">
          <reporter-output>
          </reporter-output>
        </test-method> <!-- BrowserTest -->
        <test-method signature="loginTest()[pri:0, instance:com.Tests.SauceDemoTest@63dd899]" started-at="2026-07-03T11:20:06 IST" name="loginTest" finished-at="2026-07-03T11:20:12 IST" duration-ms="5226" status="PASS">
          <reporter-output>
          </reporter-output>
        </test-method> <!-- loginTest -->
        <test-method is-config="true" signature="screenshotFailure(org.testng.ITestResult)[pri:0, instance:com.Tests.SauceDemoTest@63dd899]" started-at="2026-07-03T11:20:12 IST" name="screenshotFailure" finished-at="2026-07-03T11:20:12 IST" duration-ms="2" status="PASS">
          <params>
            <param index="0">
              <value>
                <![CDATA[[TestResult name=loginTest status=SUCCESS method=SauceDemoTest.loginTest()[pri:0, instance:com.Tests.SauceDemoTest@63dd899] output={null}]]]>
              </value>
            </param>
          </params>
          <reporter-output>
          </reporter-output>
        </test-method> <!-- screenshotFailure -->
        <test-method is-config="true" signature="tearDown()[pri:0, instance:com.Tests.SauceDemoTest@63dd899]" started-at="2026-07-03T11:20:12 IST" name="tearDown" finished-at="2026-07-03T11:20:12 IST" duration-ms="578" status="PASS">
          <reporter-output>
          </reporter-output>
        </test-method> <!-- tearDown -->
      </class> <!-- com.Tests.SauceDemoTest -->
    </test> <!-- Default test -->
  </suite> <!-- Default suite -->
</testng-results>
